<?xml version="1.0" encoding="UTF-8"?>
<testng-results ignored="0" total="1" passed="1" failed="0" skipped="0">
  <reporter-output>
  </reporter-output>
  <suite started-at="2023-03-29T20:12:19 EDT" name="sampleTest" finished-at="2023-03-29T20:12:19 EDT" duration-ms="38">
    <groups>
    </groups>
    <test started-at="2023-03-29T20:12:19 EDT" name="Command line test" finished-at="2023-03-29T20:12:19 EDT" duration-ms="38">
      <class name="sampleTest">
        <test-method signature="n()[pri:0, instance:sampleTest@2f8f5f62]" started-at="2023-03-29T20:12:19 EDT" name="n" finished-at="2023-03-29T20:12:19 EDT" duration-ms="3" status="PASS">
          <reporter-output>
          </reporter-output>
        </test-method> <!-- n -->
      </class> <!-- sampleTest -->
    </test> <!-- Command line test -->
  </suite> <!-- sampleTest -->
</testng-results>
