<?xml version="1.0" encoding="UTF-8"?>
<testng-results ignored="0" total="3" passed="3" failed="0" skipped="0">
  <reporter-output>
  </reporter-output>
  <suite started-at="2023-06-22T14:15:56 EDT" name="All Test Suite" finished-at="2023-06-22T14:16:40 EDT" duration-ms="44436">
    <groups>
    </groups>
    <test started-at="2023-06-22T14:15:56 EDT" name="failTest" finished-at="2023-06-22T14:16:40 EDT" duration-ms="44436">
      <class name="islahiArt.islahiFailedTest">
        <test-method is-config="true" signature="setupBrowser()[pri:0, instance:islahiArt.islahiFailedTest@7b227d8d]" started-at="2023-06-22T14:15:56 EDT" name="setupBrowser" finished-at="2023-06-22T14:16:08 EDT" duration-ms="11884" status="PASS">
          <reporter-output>
          </reporter-output>
        </test-method> <!-- setupBrowser -->
        <test-method signature="test1(java.lang.String,java.lang.String)[pri:0, instance:islahiArt.islahiFailedTest@7b227d8d]" started-at="2023-06-22T14:16:08 EDT" name="test1" data-provider="loginData" finished-at="2023-06-22T14:16:12 EDT" duration-ms="4170" status="PASS">
          <params>
            <param index="0">
              <value>
                <![CDATA[abc123@admin.com]]>
              </value>
            </param>
            <param index="1">
              <value>
                <![CDATA[abc123]]>
              </value>
            </param>
          </params>
          <reporter-output>
          </reporter-output>
        </test-method> <!-- test1 -->
        <test-method is-config="true" signature="closeBrowser()[pri:0, instance:islahiArt.islahiFailedTest@7b227d8d]" started-at="2023-06-22T14:16:12 EDT" name="closeBrowser" finished-at="2023-06-22T14:16:12 EDT" duration-ms="384" status="PASS">
          <reporter-output>
          </reporter-output>
        </test-method> <!-- closeBrowser -->
        <test-method is-config="true" signature="setupBrowser()[pri:0, instance:islahiArt.islahiFailedTest@7b227d8d]" started-at="2023-06-22T14:16:12 EDT" name="setupBrowser" finished-at="2023-06-22T14:16:23 EDT" duration-ms="10066" status="PASS">
          <reporter-output>
          </reporter-output>
        </test-method> <!-- setupBrowser -->
        <test-method signature="test1(java.lang.String,java.lang.String)[pri:0, instance:islahiArt.islahiFailedTest@7b227d8d]" started-at="2023-06-22T14:16:23 EDT" name="test1" data-provider="loginData" finished-at="2023-06-22T14:16:26 EDT" duration-ms="3697" status="PASS">
          <params>
            <param index="0">
              <value>
                <![CDATA[fail123@admin.com]]>
              </value>
            </param>
            <param index="1">
              <value>
                <![CDATA[failed123]]>
              </value>
            </param>
          </params>
          <reporter-output>
          </reporter-output>
        </test-method> <!-- test1 -->
        <test-method is-config="true" signature="closeBrowser()[pri:0, instance:islahiArt.islahiFailedTest@7b227d8d]" started-at="2023-06-22T14:16:26 EDT" name="closeBrowser" finished-at="2023-06-22T14:16:27 EDT" duration-ms="293" status="PASS">
          <reporter-output>
          </reporter-output>
        </test-method> <!-- closeBrowser -->
        <test-method is-config="true" signature="setupBrowser()[pri:0, instance:islahiArt.islahiFailedTest@7b227d8d]" started-at="2023-06-22T14:16:27 EDT" name="setupBrowser" finished-at="2023-06-22T14:16:36 EDT" duration-ms="9700" status="PASS">
          <reporter-output>
          </reporter-output>
        </test-method> <!-- setupBrowser -->
        <test-method signature="test1(java.lang.String,java.lang.String)[pri:0, instance:islahiArt.islahiFailedTest@7b227d8d]" started-at="2023-06-22T14:16:36 EDT" name="test1" data-provider="loginData" finished-at="2023-06-22T14:16:40 EDT" duration-ms="3738" status="PASS">
          <params>
            <param index="0">
              <value>
                <![CDATA[something321@nothing.com]]>
              </value>
            </param>
            <param index="1">
              <value>
                <![CDATA[pass2365]]>
              </value>
            </param>
          </params>
          <reporter-output>
          </reporter-output>
        </test-method> <!-- test1 -->
        <test-method is-config="true" signature="closeBrowser()[pri:0, instance:islahiArt.islahiFailedTest@7b227d8d]" started-at="2023-06-22T14:16:40 EDT" name="closeBrowser" finished-at="2023-06-22T14:16:40 EDT" duration-ms="415" status="PASS">
          <reporter-output>
          </reporter-output>
        </test-method> <!-- closeBrowser -->
      </class> <!-- islahiArt.islahiFailedTest -->
    </test> <!-- failTest -->
  </suite> <!-- All Test Suite -->
</testng-results>
