<?xml version="1.0" encoding="UTF-8"?>
<testng-results ignored="0" total="2" passed="2" failed="0" skipped="0">
  <reporter-output>
  </reporter-output>
  <suite started-at="2023-05-19T20:44:07 EDT" name="Default Suite" finished-at="2023-05-19T20:44:17 EDT" duration-ms="10089">
    <groups>
    </groups>
    <test started-at="2023-05-19T20:44:07 EDT" name="new_maven" finished-at="2023-05-19T20:44:17 EDT" duration-ms="10089">
      <class name="assignments.assignment">
        <test-method signature="loginInvalid()[pri:0, instance:assignments.assignment@b7f23d9]" started-at="2023-05-19T20:44:07 EDT" name="loginInvalid" finished-at="2023-05-19T20:44:14 EDT" duration-ms="6476" status="PASS">
          <reporter-output>
          </reporter-output>
        </test-method> <!-- loginInvalid -->
        <test-method signature="verifyTitle()[pri:0, instance:assignments.assignment@b7f23d9]" started-at="2023-05-19T20:44:14 EDT" name="verifyTitle" finished-at="2023-05-19T20:44:17 EDT" duration-ms="3578" status="PASS">
          <reporter-output>
          </reporter-output>
        </test-method> <!-- verifyTitle -->
      </class> <!-- assignments.assignment -->
    </test> <!-- new_maven -->
  </suite> <!-- Default Suite -->
</testng-results>
