<?xml version="1.0" encoding="UTF-8"?>
<!-- Generated by org.testng.reporters.JUnitXMLReporter -->
<testsuite ignored="0" hostname="Foysal.lan" failures="0" tests="3" name="failTest" time="44.436" errors="0" timestamp="2023-06-22T14:16:40 EDT">
  <testcase classname="islahiArt.islahiFailedTest" name="test1" time="4.17"/>
  <testcase classname="islahiArt.islahiFailedTest" name="test1" time="3.697"/>
  <testcase classname="islahiArt.islahiFailedTest" name="test1" time="3.738"/>
</testsuite> <!-- failTest -->
